Compilación iniciada a las 23/03/2015 8:53:18.
     1>Proyecto "C:\Users\Carlos\Documents\GitHub\OrbitaGrav\juegoCpp\juegoCpp.vcxproj" en el nodo 2 (Build destinos).
     1>ClCompile:
         D:\Programas\ProgramasPro\Visual studio\VC\bin\CL.exe /c /ZI /nologo /W3 /WX- /Od /Oy- /D WIN32 /D _DEBUG /D _CONSOLE /D _LIB /D _UNICODE /D UNICODE /Gm /EHsc /RTC1 /MDd /GS /fp:precise /Zc:wchar_t /Zc:forScope /Fo"Debug\\" /Fd"Debug\vc120.pdb" /Gd /TP /analyze- /errorReport:prompt Elemento.cpp Ojos.cpp main.cpp
         Elemento.cpp
         Generando código...
         Compilando...
         main.cpp
         Ojos.cpp
     1>c:\users\carlos\documents\github\orbitagrav\juegocpp\funciones_inline.h(13): warning C4244: 'return' : conversión de 'double' a 'float'; posible pérdida de datos
     1>c:\users\carlos\documents\github\orbitagrav\juegocpp\ojos.h(8): warning C4305: 'inicializando' : truncamiento de 'double' a 'float'
         Generando código...
       Link:
         D:\Programas\ProgramasPro\Visual studio\VC\bin\link.exe /ERRORREPORT:PROMPT /OUT:"C:\Users\Carlos\Documents\GitHub\OrbitaGrav\Debug\juegoCpp.exe" /INCREMENTAL /NOLOGO kernel32.lib user32.lib gdi32.lib winspool.lib comdlg32.lib advapi32.lib shell32.lib ole32.lib oleaut32.lib uuid.lib odbc32.lib odbccp32.lib /MANIFEST /MANIFESTUAC:"level='asInvoker' uiAccess='false'" /manifest:embed /DEBUG /PDB:"C:\Users\Carlos\Documents\GitHub\OrbitaGrav\Debug\juegoCpp.pdb" /SUBSYSTEM:CONSOLE /TLBID:1 /DYNAMICBASE /NXCOMPAT /IMPLIB:"C:\Users\Carlos\Documents\GitHub\OrbitaGrav\Debug\juegoCpp.lib" /MACHINE:X86 Debug\Elemento.obj
         Debug\main.obj
         Debug\Ojos.obj
         juegoCpp.vcxproj -> C:\Users\Carlos\Documents\GitHub\OrbitaGrav\Debug\juegoCpp.exe
     1>Compilación del proyecto terminada "C:\Users\Carlos\Documents\GitHub\OrbitaGrav\juegoCpp\juegoCpp.vcxproj" (Build destinos).

Compilación correcta.

Tiempo transcurrido 00:00:00.33
